#
# There is insufficient memory for the Java Runtime Environment to continue.
# Native memory allocation (malloc) failed to allocate 2097152 bytes for AllocateHeap
# Possible reasons:
#   The system is out of physical RAM or swap space
#   The process is running with CompressedOops enabled, and the Java Heap may be blocking the growth of the native heap
# Possible solutions:
#   Reduce memory load on the system
#   Increase physical memory or swap space
#   Check if swap backing store is full
#   Decrease Java heap size (-Xmx/-Xms)
#   Decrease number of Java threads
#   Decrease Java thread stack sizes (-Xss)
#   Set larger code cache with -XX:ReservedCodeCacheSize=
#   JVM is running with Zero Based Compressed Oops mode in which the Java heap is
#     placed in the first 32GB address space. The Java Heap base address is the
#     maximum limit for the native heap growth. Please use -XX:HeapBaseMinAddress
#     to set the Java Heap base and to place the Java Heap above 32GB virtual address.
# This output file may be truncated or incomplete.
#
#  Out of Memory Error (allocation.cpp:44), pid=12560, tid=13944
#
# JRE version: OpenJDK Runtime Environment Temurin-17.0.3+7 (17.0.3+7) (build 17.0.3+7)
# Java VM: OpenJDK 64-Bit Server VM Temurin-17.0.3+7 (17.0.3+7, mixed mode, emulated-client, tiered, compressed oops, compressed class ptrs, g1 gc, windows-amd64)
# No core dump will be written. Minidumps are not enabled by default on client versions of Windows
#

---------------  S U M M A R Y ------------

Command Line: --add-modules=ALL-SYSTEM --add-exports=jdk.compiler/com.sun.tools.javac.file=ALL-UNNAMED --add-exports=jdk.compiler/com.sun.tools.javac.util=ALL-UNNAMED --add-exports=jdk.compiler/com.sun.tools.javac.comp=ALL-UNNAMED --add-exports=jdk.compiler/com.sun.tools.javac.main=ALL-UNNAMED --add-exports=jdk.compiler/com.sun.tools.javac.tree=ALL-UNNAMED --add-exports=jdk.compiler/com.sun.tools.javac.code=ALL-UNNAMED -Dsts.lsp.client=vscode -Dsts.log.file=/dev/null -XX:TieredStopAtLevel=1 -Dspring.config.location=file:c:\Users\admin\.vscode\extensions\pivotal.vscode-spring-boot-1.36.0\language-server\BOOT-INF\classes\application.properties org.springframework.ide.vscode.boot.app.BootLanguageServerBootApp

Host: Intel(R) Core(TM) i5-6300U CPU @ 2.40GHz, 4 cores, 15G,  Windows 10 , 64 bit Build 19041 (10.0.19041.1806)
Time: Mon Aug  1 10:07:36 2022 Eastern Daylight Time elapsed time: 2714.701762 seconds (0d 0h 45m 14s)

---------------  T H R E A D  ---------------

Current thread (0x000001d1bd28da10):  VMThread "VM Thread" [stack: 0x0000000d0dc00000,0x0000000d0dd00000] [id=13944]

Stack: [0x0000000d0dc00000,0x0000000d0dd00000]
Native frames: (J=compiled Java code, j=interpreted, Vv=VM code, C=native code)
V  [jvm.dll+0x675efa]
V  [jvm.dll+0x830a24]
V  [jvm.dll+0x8321ce]
V  [jvm.dll+0x832833]
V  [jvm.dll+0x2454b5]
V  [jvm.dll+0xa6393]
V  [jvm.dll+0x2f5651]
V  [jvm.dll+0x2f12d0]
V  [jvm.dll+0x2d99b7]
V  [jvm.dll+0x31cac7]
V  [jvm.dll+0x836cdb]
V  [jvm.dll+0x837a14]
V  [jvm.dll+0x837f2c]
V  [jvm.dll+0x838304]
V  [jvm.dll+0x8383d0]
V  [jvm.dll+0x7e0cfa]
V  [jvm.dll+0x674d85]
C  [ucrtbase.dll+0x21bb2]
C  [KERNEL32.DLL+0x17034]
C  [ntdll.dll+0x52651]

VM_Operation (0x0000000d0effef60): G1CollectFull, mode: safepoint, requested by thread 0x000001d1bf1fec50


---------------  P R O C E S S  ---------------

Threads class SMR info:
_java_thread_list=0x000001d1c1bff7c0, length=19, elements={
0x000001d1bd293580, 0x000001d1bd294300, 0x000001d1bdc66550, 0x000001d1bdc67f80,
0x000001d1bdc68840, 0x000001d1bdc69100, 0x000001d1bdc69a70, 0x000001d1bdc39ce0,
0x000001d1bd243b50, 0x000001d1bdeb3ff0, 0x000001d1bf1fec50, 0x000001d1bf2865a0,
0x000001d1abcdaac0, 0x000001d1befe6e80, 0x000001d1be537420, 0x000001d1be5395d0,
0x000001d1be538c30, 0x000001d1be535c10, 0x000001d1be5378f0
}

Java Threads: ( => current thread )
  0x000001d1bd293580 JavaThread "Reference Handler" daemon [_thread_blocked, id=16408, stack(0x0000000d0dd00000,0x0000000d0de00000)]
  0x000001d1bd294300 JavaThread "Finalizer" daemon [_thread_blocked, id=13020, stack(0x0000000d0de00000,0x0000000d0df00000)]
  0x000001d1bdc66550 JavaThread "Signal Dispatcher" daemon [_thread_blocked, id=18412, stack(0x0000000d0df00000,0x0000000d0e000000)]
  0x000001d1bdc67f80 JavaThread "Attach Listener" daemon [_thread_blocked, id=18200, stack(0x0000000d0e000000,0x0000000d0e100000)]
  0x000001d1bdc68840 JavaThread "Service Thread" daemon [_thread_blocked, id=1032, stack(0x0000000d0e100000,0x0000000d0e200000)]
  0x000001d1bdc69100 JavaThread "Monitor Deflation Thread" daemon [_thread_blocked, id=15200, stack(0x0000000d0e200000,0x0000000d0e300000)]
  0x000001d1bdc69a70 JavaThread "C1 CompilerThread0" daemon [_thread_blocked, id=14700, stack(0x0000000d0e300000,0x0000000d0e400000)]
  0x000001d1bdc39ce0 JavaThread "Sweeper thread" daemon [_thread_blocked, id=16804, stack(0x0000000d0e400000,0x0000000d0e500000)]
  0x000001d1bd243b50 JavaThread "Common-Cleaner" daemon [_thread_blocked, id=16652, stack(0x0000000d0e500000,0x0000000d0e600000)]
  0x000001d1bdeb3ff0 JavaThread "Notification Thread" daemon [_thread_blocked, id=14416, stack(0x0000000d0e800000,0x0000000d0e900000)]
  0x000001d1bf1fec50 JavaThread "pool-7-thread-1" [_thread_blocked, id=18308, stack(0x0000000d0ef00000,0x0000000d0f000000)]
  0x000001d1bf2865a0 JavaThread "LanguageServerApp-lifecycle" [_thread_blocked, id=10872, stack(0x0000000d0f000000,0x0000000d0f100000)]
  0x000001d1abcdaac0 JavaThread "DestroyJavaVM" [_thread_blocked, id=9620, stack(0x0000000d0d500000,0x0000000d0d600000)]
  0x000001d1befe6e80 JavaThread "pool-8-thread-1" [_thread_in_native, id=14540, stack(0x0000000d0f100000,0x0000000d0f200000)]
  0x000001d1be537420 JavaThread "Simple-Language-Server main thread" daemon [_thread_blocked, id=16396, stack(0x0000000d0fa00000,0x0000000d0fb00000)]
  0x000001d1be5395d0 JavaThread "pool-5-thread-1" [_thread_blocked, id=14244, stack(0x0000000d0fb00000,0x0000000d0fc00000)]
  0x000001d1be538c30 JavaThread "Reconciler-1" [_thread_blocked, id=16060, stack(0x0000000d0fc00000,0x0000000d0fd00000)]
  0x000001d1be535c10 JavaThread "parallel-1" daemon [_thread_blocked, id=6976, stack(0x0000000d0fd00000,0x0000000d0fe00000)]
  0x000001d1be5378f0 JavaThread "pool-3-thread-1" [_thread_blocked, id=6264, stack(0x0000000d10100000,0x0000000d10200000)]

Other Threads:
=>0x000001d1bd28da10 VMThread "VM Thread" [stack: 0x0000000d0dc00000,0x0000000d0dd00000] [id=13944]
  0x000001d1bdeb44c0 WatcherThread [stack: 0x0000000d0e900000,0x0000000d0ea00000] [id=5452]
  0x000001d1abd46610 GCTaskThread "GC Thread#0" [stack: 0x0000000d0d700000,0x0000000d0d800000] [id=15268]
  0x000001d1be4c3c10 GCTaskThread "GC Thread#1" [stack: 0x0000000d0ea00000,0x0000000d0eb00000] [id=15784]
  0x000001d1be4c3ec0 GCTaskThread "GC Thread#2" [stack: 0x0000000d0eb00000,0x0000000d0ec00000] [id=15056]
  0x000001d1be4c4170 GCTaskThread "GC Thread#3" [stack: 0x0000000d0ec00000,0x0000000d0ed00000] [id=3260]
  0x000001d1abd56f30 ConcurrentGCThread "G1 Main Marker" [stack: 0x0000000d0d800000,0x0000000d0d900000] [id=16024]
  0x000001d1abd57850 ConcurrentGCThread "G1 Conc#0" [stack: 0x0000000d0d900000,0x0000000d0da00000] [id=14480]
  0x000001d1bd1230e0 ConcurrentGCThread "G1 Refine#0" [stack: 0x0000000d0da00000,0x0000000d0db00000] [id=15088]
  0x000001d1be78ec90 ConcurrentGCThread "G1 Refine#1" [stack: 0x0000000d0f200000,0x0000000d0f300000] [id=13292]
  0x000001d1be78ef70 ConcurrentGCThread "G1 Refine#2" [stack: 0x0000000d0f300000,0x0000000d0f400000] [id=11572]
  0x000001d1bf729b60 ConcurrentGCThread "G1 Refine#3" [stack: 0x0000000d0f400000,0x0000000d0f500000] [id=13108]
  0x000001d1bd123a10 ConcurrentGCThread "G1 Service" [stack: 0x0000000d0db00000,0x0000000d0dc00000] [id=8504]

Threads with active compile tasks:

VM state: at safepoint (normal execution)

VM Mutex/Monitor currently owned by a thread:  ([mutex/lock_event])
[0x000001d1a9c1b340] Threads_lock - owner thread: 0x000001d1bd28da10
[0x000001d1abcd8b40] Heap_lock - owner thread: 0x000001d1bf1fec50

Heap address: 0x0000000705200000, size: 4014 MB, Compressed Oops mode: Zero based, Oop shift amount: 3

CDS archive(s) not mapped
Compressed class space mapped at: 0x0000000800000000-0x0000000840000000, reserved size: 1073741824
Narrow klass base: 0x0000000800000000, Narrow klass shift: 0, Narrow klass range: 0x40000000

GC Precious Log:
 CPUs: 4 total, 4 available
 Memory: 16054M
 Large Page Support: Disabled
 NUMA Support: Disabled
 Compressed Oops: Enabled (Zero based)
 Heap Region Size: 2M
 Heap Min Capacity: 8M
 Heap Initial Capacity: 252M
 Heap Max Capacity: 4014M
 Pre-touch: Disabled
 Parallel Workers: 4
 Concurrent Workers: 1
 Concurrent Refinement Workers: 4
 Periodic GC: Disabled

Heap:
 garbage-first heap   total 90112K, used 26092K [0x0000000705200000, 0x0000000800000000)
  region size 2048K, 1 young (2048K), 0 survivors (0K)
 Metaspace       used 51871K, committed 52416K, reserved 1097728K
  class space    used 6769K, committed 6976K, reserved 1048576K

Heap Regions: E=young(eden), S=young(survivor), O=old, HS=humongous(starts), HC=humongous(continues), CS=collection set, F=free, OA=open archive, CA=closed archive, TAMS=top-at-mark-start (previous, next)
|   0|0x0000000705200000, 0x0000000705400000, 0x0000000705400000|100%| O|  |TAMS 0x0000000705400000, 0x0000000705200000| Untracked 
|   1|0x0000000705400000, 0x0000000705600000, 0x0000000705600000|100%| O|  |TAMS 0x0000000705600000, 0x0000000705400000| Untracked 
|   2|0x0000000705600000, 0x0000000705800000, 0x0000000705800000|100%| O|  |TAMS 0x0000000705800000, 0x0000000705600000| Untracked 
|   3|0x0000000705800000, 0x00000007059ff328, 0x0000000705a00000| 99%| O|  |TAMS 0x00000007059ff328, 0x0000000705800000| Untracked 
|   4|0x0000000705a00000, 0x0000000705bffff0, 0x0000000705c00000| 99%| O|  |TAMS 0x0000000705bffff0, 0x0000000705a00000| Untracked 
|   5|0x0000000705c00000, 0x0000000705e00000, 0x0000000705e00000|100%| O|  |TAMS 0x0000000705e00000, 0x0000000705c00000| Untracked 
|   6|0x0000000705e00000, 0x0000000705fffff0, 0x0000000706000000| 99%| O|  |TAMS 0x0000000705fffff0, 0x0000000705e00000| Untracked 
|   7|0x0000000706000000, 0x00000007061ffff0, 0x0000000706200000| 99%| O|  |TAMS 0x00000007061ffff0, 0x0000000706000000| Untracked 
|   8|0x0000000706200000, 0x0000000706400000, 0x0000000706400000|100%| O|  |TAMS 0x0000000706400000, 0x0000000706200000| Untracked 
|   9|0x0000000706400000, 0x00000007065de678, 0x0000000706600000| 93%| O|  |TAMS 0x0000000706400000, 0x0000000706400000| Untracked 
|  10|0x0000000706600000, 0x00000007067a0f40, 0x0000000706800000| 81%| O|  |TAMS 0x0000000706600000, 0x0000000706600000| Untracked 
|  11|0x0000000706800000, 0x0000000706800000, 0x0000000706a00000|  0%| F|  |TAMS 0x0000000706800000, 0x0000000706800000| Untracked 
|  12|0x0000000706a00000, 0x0000000706bfcc58, 0x0000000706c00000| 99%| O|  |TAMS 0x0000000706bfcc58, 0x0000000706a00000| Untracked 
|  13|0x0000000706c00000, 0x0000000706c00000, 0x0000000706e00000|  0%| F|  |TAMS 0x0000000706c00000, 0x0000000706c00000| Untracked 
|  14|0x0000000706e00000, 0x0000000706e00000, 0x0000000707000000|  0%| F|  |TAMS 0x0000000706e00000, 0x0000000706e00000| Untracked 
|  15|0x0000000707000000, 0x0000000707000000, 0x0000000707200000|  0%| F|  |TAMS 0x0000000707000000, 0x0000000707000000| Untracked 
|  16|0x0000000707200000, 0x0000000707200000, 0x0000000707400000|  0%| F|  |TAMS 0x0000000707200000, 0x0000000707200000| Untracked 
|  17|0x0000000707400000, 0x0000000707400000, 0x0000000707600000|  0%| F|  |TAMS 0x0000000707400000, 0x0000000707400000| Untracked 
|  18|0x0000000707600000, 0x0000000707600000, 0x0000000707800000|  0%| F|  |TAMS 0x0000000707600000, 0x0000000707600000| Untracked 
|  19|0x0000000707800000, 0x0000000707800000, 0x0000000707a00000|  0%| F|  |TAMS 0x0000000707800000, 0x0000000707800000| Untracked 
|  20|0x0000000707a00000, 0x0000000707a00000, 0x0000000707c00000|  0%| F|  |TAMS 0x0000000707a00000, 0x0000000707a00000| Untracked 
|  21|0x0000000707c00000, 0x0000000707c00000, 0x0000000707e00000|  0%| F|  |TAMS 0x0000000707c00000, 0x0000000707c00000| Untracked 
|  22|0x0000000707e00000, 0x0000000707fffe10, 0x0000000708000000| 99%| O|  |TAMS 0x0000000707fffe10, 0x0000000707e00000| Untracked 
|  23|0x0000000708000000, 0x0000000708000000, 0x0000000708200000|  0%| F|  |TAMS 0x0000000708000000, 0x0000000708000000| Untracked 
|  24|0x0000000708200000, 0x0000000708200000, 0x0000000708400000|  0%| F|  |TAMS 0x0000000708200000, 0x0000000708200000| Untracked 
|  25|0x0000000708400000, 0x0000000708400000, 0x0000000708600000|  0%| F|  |TAMS 0x0000000708400000, 0x0000000708400000| Untracked 
|  26|0x0000000708600000, 0x0000000708600000, 0x0000000708800000|  0%| F|  |TAMS 0x0000000708600000, 0x0000000708600000| Untracked 
|  27|0x0000000708800000, 0x0000000708800000, 0x0000000708a00000|  0%| F|  |TAMS 0x0000000708800000, 0x0000000708800000| Untracked 
|  28|0x0000000708a00000, 0x0000000708a00000, 0x0000000708c00000|  0%| F|  |TAMS 0x0000000708a00000, 0x0000000708a00000| Untracked 
|  29|0x0000000708c00000, 0x0000000708c00000, 0x0000000708e00000|  0%| F|  |TAMS 0x0000000708c00000, 0x0000000708c00000| Untracked 
|  30|0x0000000708e00000, 0x0000000708e00000, 0x0000000709000000|  0%| F|  |TAMS 0x0000000708e00000, 0x0000000708e00000| Untracked 
|  31|0x0000000709000000, 0x0000000709000000, 0x0000000709200000|  0%| F|  |TAMS 0x0000000709000000, 0x0000000709000000| Untracked 
|  32|0x0000000709200000, 0x0000000709200000, 0x0000000709400000|  0%| F|  |TAMS 0x0000000709200000, 0x0000000709200000| Untracked 
|  33|0x0000000709400000, 0x0000000709400000, 0x0000000709600000|  0%| F|  |TAMS 0x0000000709400000, 0x0000000709400000| Untracked 
|  34|0x0000000709600000, 0x0000000709600000, 0x0000000709800000|  0%| F|  |TAMS 0x0000000709600000, 0x0000000709600000| Untracked 
|  35|0x0000000709800000, 0x0000000709800000, 0x0000000709a00000|  0%| F|  |TAMS 0x0000000709800000, 0x0000000709800000| Untracked 
|  36|0x0000000709a00000, 0x0000000709a00000, 0x0000000709c00000|  0%| F|  |TAMS 0x0000000709a00000, 0x0000000709a00000| Untracked 
|  37|0x0000000709c00000, 0x0000000709c00000, 0x0000000709e00000|  0%| F|  |TAMS 0x0000000709c00000, 0x0000000709c00000| Untracked 
|  38|0x0000000709e00000, 0x0000000709e00000, 0x000000070a000000|  0%| F|  |TAMS 0x0000000709e00000, 0x0000000709e00000| Untracked 
|  39|0x000000070a000000, 0x000000070a000000, 0x000000070a200000|  0%| F|  |TAMS 0x000000070a000000, 0x000000070a000000| Untracked 
|  40|0x000000070a200000, 0x000000070a200000, 0x000000070a400000|  0%| F|  |TAMS 0x000000070a200000, 0x000000070a200000| Untracked 
|  41|0x000000070a400000, 0x000000070a400000, 0x000000070a600000|  0%| F|  |TAMS 0x000000070a400000, 0x000000070a400000| Untracked 
|  42|0x000000070a600000, 0x000000070a600000, 0x000000070a800000|  0%| F|  |TAMS 0x000000070a600000, 0x000000070a600000| Untracked 
|  43|0x000000070a800000, 0x000000070a819858, 0x000000070aa00000|  4%| E|  |TAMS 0x000000070a800000, 0x000000070a800000| Complete 

Card table byte_map: [0x000001d1b2140000,0x000001d1b2920000] _byte_map_base: 0x000001d1ae917000

Marking Bits (Prev, Next): (CMBitMap*) 0x000001d1abd46b30, (CMBitMap*) 0x000001d1abd46b70
 Prev Bits: [0x000001d1b3100000, 0x000001d1b6fb8000)
 Next Bits: [0x000001d1b6fc0000, 0x000001d1bae78000)

Polling page: 0x000001d1ab4b0000

Metaspace:

Usage:
  Non-class:     44.05 MB used.
      Class:      6.61 MB used.
       Both:     50.66 MB used.

Virtual space:
  Non-class space:       48.00 MB reserved,      44.38 MB ( 92%) committed,  6 nodes.
      Class space:        1.00 GB reserved,       6.81 MB ( <1%) committed,  1 nodes.
             Both:        1.05 GB reserved,      51.19 MB (  5%) committed. 

Chunk freelists:
   Non-Class:  3.52 MB
       Class:  1.09 MB
        Both:  4.61 MB

MaxMetaspaceSize: unlimited
CompressedClassSpaceSize: 1.00 GB
Initial GC threshold: 21.00 MB
Current GC threshold: 85.31 MB
CDS: off
MetaspaceReclaimPolicy: balanced
 - commit_granule_bytes: 65536.
 - commit_granule_words: 8192.
 - virtual_space_node_default_size: 1048576.
 - enlarge_chunks_in_place: 1.
 - new_chunks_are_fully_committed: 0.
 - uncommit_free_chunks: 1.
 - use_allocation_guard: 0.
 - handle_deallocations: 1.


Internal statistics:

num_allocs_failed_limit: 11.
num_arena_births: 486.
num_arena_deaths: 128.
num_vsnodes_births: 7.
num_vsnodes_deaths: 0.
num_space_committed: 819.
num_space_uncommitted: 0.
num_chunks_returned_to_freelist: 158.
num_chunks_taken_from_freelist: 2169.
num_chunk_merges: 59.
num_chunk_splits: 1515.
num_chunks_enlarged: 1170.
num_purges: 4.
num_inconsistent_stats: 0.

CodeCache: size=49152Kb used=13238Kb max_used=14309Kb free=35913Kb
 bounds [0x000001d1ae960000, 0x000001d1af7e0000, 0x000001d1b1960000]
 total_blobs=7566 nmethods=6959 adapters=534
 compilation: enabled
              stopped_count=0, restarted_count=0
 full_count=0

Compilation events (20 events):
Event: 2519.848 Thread 0x000001d1bdc69a70 6951       1       java.lang.Runtime::exec (73 bytes)
Event: 2519.850 Thread 0x000001d1bdc69a70 nmethod 6951 0x000001d1af3c5b90 code [0x000001d1af3c5da0, 0x000001d1af3c6398]
Event: 2519.850 Thread 0x000001d1bdc69a70 6952       1       java.lang.ProcessBuilder::<init> (56 bytes)
Event: 2519.851 Thread 0x000001d1bdc69a70 nmethod 6952 0x000001d1af3c5690 code [0x000001d1af3c5840, 0x000001d1af3c5a78]
Event: 2540.286 Thread 0x000001d1bdc69a70 6953       1       java.util.Properties::getProperty (16 bytes)
Event: 2540.287 Thread 0x000001d1bdc69a70 nmethod 6953 0x000001d1af3c5390 code [0x000001d1af3c5520, 0x000001d1af3c5628]
Event: 2591.684 Thread 0x000001d1bdc69a70 6954       1       java.util.concurrent.locks.AbstractQueuedSynchronizer$ConditionObject::awaitNanos (200 bytes)
Event: 2591.685 Thread 0x000001d1bdc69a70 nmethod 6954 0x000001d1af3c4410 code [0x000001d1af3c4640, 0x000001d1af3c4e68]
Event: 2611.892 Thread 0x000001d1bdc69a70 6955       1       java.util.concurrent.Executors$RunnableAdapter::call (14 bytes)
Event: 2611.892 Thread 0x000001d1bdc69a70 nmethod 6955 0x000001d1af3c4110 code [0x000001d1af3c42a0, 0x000001d1af3c43a8]
Event: 2622.108 Thread 0x000001d1bdc69a70 6956   !   1       java.util.concurrent.FutureTask::runAndReset (125 bytes)
Event: 2622.110 Thread 0x000001d1bdc69a70 nmethod 6956 0x000001d1af3c3010 code [0x000001d1af3c3280, 0x000001d1af3c3c18]
Event: 2622.110 Thread 0x000001d1bdc69a70 6957       1       org.springframework.ide.vscode.commons.languageserver.util.ParentProcessWatcher::run (36 bytes)
Event: 2622.111 Thread 0x000001d1bdc69a70 nmethod 6957 0x000001d1af3c2890 code [0x000001d1af3c2a80, 0x000001d1af3c2dd8]
Event: 2622.111 Thread 0x000001d1bdc69a70 6958   !   1       org.springframework.ide.vscode.commons.languageserver.util.ParentProcessWatcher::parentProcessStillRunning (413 bytes)
Event: 2622.118 Thread 0x000001d1bdc69a70 nmethod 6958 0x000001d1af3bde10 code [0x000001d1af3be500, 0x000001d1af3c0e18]
Event: 2622.399 Thread 0x000001d1bdc69a70 6959       1       java.util.concurrent.ScheduledThreadPoolExecutor$ScheduledFutureTask::setNextRunTime (38 bytes)
Event: 2622.399 Thread 0x000001d1bdc69a70 nmethod 6959 0x000001d1af3bd990 code [0x000001d1af3bdb40, 0x000001d1af3bdd28]
Event: 2622.399 Thread 0x000001d1bdc69a70 6960       1       java.util.concurrent.ScheduledThreadPoolExecutor::reExecutePeriodic (49 bytes)
Event: 2622.399 Thread 0x000001d1bdc69a70 nmethod 6960 0x000001d1af3bd390 code [0x000001d1af3bd580, 0x000001d1af3bd7e8]

GC Heap History (20 events):
Event: 2612.072 GC heap before
{Heap before GC invocations=243 (full 213):
 garbage-first heap   total 90112K, used 26101K [0x0000000705200000, 0x0000000800000000)
  region size 2048K, 1 young (2048K), 0 survivors (0K)
 Metaspace       used 51871K, committed 52416K, reserved 1097728K
  class space    used 6769K, committed 6976K, reserved 1048576K
}
Event: 2612.108 GC heap after
{Heap after GC invocations=244 (full 214):
 garbage-first heap   total 90112K, used 26101K [0x0000000705200000, 0x0000000800000000)
  region size 2048K, 0 young (0K), 0 survivors (0K)
 Metaspace       used 51871K, committed 52416K, reserved 1097728K
  class space    used 6769K, committed 6976K, reserved 1048576K
}
Event: 2622.346 GC heap before
{Heap before GC invocations=244 (full 214):
 garbage-first heap   total 90112K, used 26101K [0x0000000705200000, 0x0000000800000000)
  region size 2048K, 1 young (2048K), 0 survivors (0K)
 Metaspace       used 51871K, committed 52416K, reserved 1097728K
  class space    used 6769K, committed 6976K, reserved 1048576K
}
Event: 2622.398 GC heap after
{Heap after GC invocations=245 (full 215):
 garbage-first heap   total 90112K, used 26101K [0x0000000705200000, 0x0000000800000000)
  region size 2048K, 0 young (0K), 0 survivors (0K)
 Metaspace       used 51871K, committed 52416K, reserved 1097728K
  class space    used 6769K, committed 6976K, reserved 1048576K
}
Event: 2632.621 GC heap before
{Heap before GC invocations=245 (full 215):
 garbage-first heap   total 90112K, used 26101K [0x0000000705200000, 0x0000000800000000)
  region size 2048K, 1 young (2048K), 0 survivors (0K)
 Metaspace       used 51871K, committed 52416K, reserved 1097728K
  class space    used 6769K, committed 6976K, reserved 1048576K
}
Event: 2632.676 GC heap after
{Heap after GC invocations=246 (full 216):
 garbage-first heap   total 90112K, used 26092K [0x0000000705200000, 0x0000000800000000)
  region size 2048K, 0 young (0K), 0 survivors (0K)
 Metaspace       used 51871K, committed 52416K, reserved 1097728K
  class space    used 6769K, committed 6976K, reserved 1048576K
}
Event: 2642.920 GC heap before
{Heap before GC invocations=246 (full 216):
 garbage-first heap   total 90112K, used 26092K [0x0000000705200000, 0x0000000800000000)
  region size 2048K, 1 young (2048K), 0 survivors (0K)
 Metaspace       used 51871K, committed 52416K, reserved 1097728K
  class space    used 6769K, committed 6976K, reserved 1048576K
}
Event: 2642.972 GC heap after
{Heap after GC invocations=247 (full 217):
 garbage-first heap   total 90112K, used 26092K [0x0000000705200000, 0x0000000800000000)
  region size 2048K, 0 young (0K), 0 survivors (0K)
 Metaspace       used 51871K, committed 52416K, reserved 1097728K
  class space    used 6769K, committed 6976K, reserved 1048576K
}
Event: 2653.213 GC heap before
{Heap before GC invocations=247 (full 217):
 garbage-first heap   total 90112K, used 26092K [0x0000000705200000, 0x0000000800000000)
  region size 2048K, 1 young (2048K), 0 survivors (0K)
 Metaspace       used 51871K, committed 52416K, reserved 1097728K
  class space    used 6769K, committed 6976K, reserved 1048576K
}
Event: 2653.266 GC heap after
{Heap after GC invocations=248 (full 218):
 garbage-first heap   total 90112K, used 26092K [0x0000000705200000, 0x0000000800000000)
  region size 2048K, 0 young (0K), 0 survivors (0K)
 Metaspace       used 51871K, committed 52416K, reserved 1097728K
  class space    used 6769K, committed 6976K, reserved 1048576K
}
Event: 2663.520 GC heap before
{Heap before GC invocations=248 (full 218):
 garbage-first heap   total 90112K, used 26092K [0x0000000705200000, 0x0000000800000000)
  region size 2048K, 1 young (2048K), 0 survivors (0K)
 Metaspace       used 51871K, committed 52416K, reserved 1097728K
  class space    used 6769K, committed 6976K, reserved 1048576K
}
Event: 2663.572 GC heap after
{Heap after GC invocations=249 (full 219):
 garbage-first heap   total 90112K, used 26092K [0x0000000705200000, 0x0000000800000000)
  region size 2048K, 0 young (0K), 0 survivors (0K)
 Metaspace       used 51871K, committed 52416K, reserved 1097728K
  class space    used 6769K, committed 6976K, reserved 1048576K
}
Event: 2673.831 GC heap before
{Heap before GC invocations=249 (full 219):
 garbage-first heap   total 90112K, used 26092K [0x0000000705200000, 0x0000000800000000)
  region size 2048K, 1 young (2048K), 0 survivors (0K)
 Metaspace       used 51871K, committed 52416K, reserved 1097728K
  class space    used 6769K, committed 6976K, reserved 1048576K
}
Event: 2673.887 GC heap after
{Heap after GC invocations=250 (full 220):
 garbage-first heap   total 90112K, used 26092K [0x0000000705200000, 0x0000000800000000)
  region size 2048K, 0 young (0K), 0 survivors (0K)
 Metaspace       used 51871K, committed 52416K, reserved 1097728K
  class space    used 6769K, committed 6976K, reserved 1048576K
}
Event: 2684.089 GC heap before
{Heap before GC invocations=250 (full 220):
 garbage-first heap   total 90112K, used 26092K [0x0000000705200000, 0x0000000800000000)
  region size 2048K, 1 young (2048K), 0 survivors (0K)
 Metaspace       used 51871K, committed 52416K, reserved 1097728K
  class space    used 6769K, committed 6976K, reserved 1048576K
}
Event: 2684.141 GC heap after
{Heap after GC invocations=251 (full 221):
 garbage-first heap   total 90112K, used 26092K [0x0000000705200000, 0x0000000800000000)
  region size 2048K, 0 young (0K), 0 survivors (0K)
 Metaspace       used 51871K, committed 52416K, reserved 1097728K
  class space    used 6769K, committed 6976K, reserved 1048576K
}
Event: 2694.355 GC heap before
{Heap before GC invocations=251 (full 221):
 garbage-first heap   total 90112K, used 26092K [0x0000000705200000, 0x0000000800000000)
  region size 2048K, 1 young (2048K), 0 survivors (0K)
 Metaspace       used 51871K, committed 52416K, reserved 1097728K
  class space    used 6769K, committed 6976K, reserved 1048576K
}
Event: 2694.396 GC heap after
{Heap after GC invocations=252 (full 222):
 garbage-first heap   total 90112K, used 26092K [0x0000000705200000, 0x0000000800000000)
  region size 2048K, 0 young (0K), 0 survivors (0K)
 Metaspace       used 51871K, committed 52416K, reserved 1097728K
  class space    used 6769K, committed 6976K, reserved 1048576K
}
Event: 2704.579 GC heap before
{Heap before GC invocations=252 (full 222):
 garbage-first heap   total 90112K, used 26092K [0x0000000705200000, 0x0000000800000000)
  region size 2048K, 1 young (2048K), 0 survivors (0K)
 Metaspace       used 51871K, committed 52416K, reserved 1097728K
  class space    used 6769K, committed 6976K, reserved 1048576K
}
Event: 2704.617 GC heap after
{Heap after GC invocations=253 (full 223):
 garbage-first heap   total 90112K, used 26092K [0x0000000705200000, 0x0000000800000000)
  region size 2048K, 0 young (0K), 0 survivors (0K)
 Metaspace       used 51871K, committed 52416K, reserved 1097728K
  class space    used 6769K, committed 6976K, reserved 1048576K
}

Deoptimization events (20 events):
Event: 6.529 Thread 0x000001d1be537420 DEOPT PACKING pc=0x000001d1af110b6d sp=0x0000000d0fafd970
Event: 6.529 Thread 0x000001d1be537420 DEOPT UNPACKING pc=0x000001d1ae9b2b43 sp=0x0000000d0fafce98 mode 3
Event: 7.236 Thread 0x000001d1be536a80 DEOPT PACKING pc=0x000001d1aee7049f sp=0x0000000d0f9ff320
Event: 7.236 Thread 0x000001d1be536a80 DEOPT UNPACKING pc=0x000001d1ae9b2b43 sp=0x0000000d0f9fe778 mode 3
Event: 8.792 Thread 0x000001d1be5365b0 DEOPT PACKING pc=0x000001d1af2c6c90 sp=0x0000000d0fffd8b0
Event: 8.792 Thread 0x000001d1be5365b0 DEOPT UNPACKING pc=0x000001d1ae9b2b43 sp=0x0000000d0fffcd70 mode 3
Event: 8.821 Thread 0x000001d1be5365b0 DEOPT PACKING pc=0x000001d1af2e6874 sp=0x0000000d0fffcde0
Event: 8.821 Thread 0x000001d1be5365b0 DEOPT UNPACKING pc=0x000001d1ae9b2b43 sp=0x0000000d0fffc2d8 mode 3
Event: 8.833 Thread 0x000001d1be5365b0 DEOPT PACKING pc=0x000001d1af2f32db sp=0x0000000d0fffd770
Event: 8.833 Thread 0x000001d1be5365b0 DEOPT UNPACKING pc=0x000001d1ae9b2b43 sp=0x0000000d0fffcbe8 mode 3
Event: 13.017 Thread 0x000001d1befd2790 DEOPT PACKING pc=0x000001d1aee073e2 sp=0x0000000d0e7fd030
Event: 13.017 Thread 0x000001d1befd2790 DEOPT UNPACKING pc=0x000001d1ae9b2b43 sp=0x0000000d0e7fc538 mode 3
Event: 13.417 Thread 0x000001d1befd2790 DEOPT PACKING pc=0x000001d1af54e49c sp=0x0000000d0e7fe720
Event: 13.417 Thread 0x000001d1befd2790 DEOPT UNPACKING pc=0x000001d1ae9b2b43 sp=0x0000000d0e7fdbb0 mode 0
Event: 47.779 Thread 0x000001d1be538c30 DEOPT PACKING pc=0x000001d1aeb01c45 sp=0x0000000d0fcfde60
Event: 47.779 Thread 0x000001d1be538c30 DEOPT UNPACKING pc=0x000001d1ae9b2b43 sp=0x0000000d0fcfd3c8 mode 3
Event: 90.659 Thread 0x000001d1be5360e0 DEOPT PACKING pc=0x000001d1af34ac20 sp=0x0000000d0fefc9e0
Event: 90.659 Thread 0x000001d1be5360e0 DEOPT UNPACKING pc=0x000001d1ae9b2b43 sp=0x0000000d0fefbe98 mode 3
Event: 132.980 Thread 0x000001d1befe6e80 DEOPT PACKING pc=0x000001d1aeb81854 sp=0x0000000d0f1fed70
Event: 132.980 Thread 0x000001d1befe6e80 DEOPT UNPACKING pc=0x000001d1ae9b2b43 sp=0x0000000d0f1fe1f8 mode 0

Classes unloaded (20 events):
Event: 166.231 Thread 0x000001d1bd28da10 Unloading class 0x0000000800342000 'java/lang/invoke/LambdaForm$MH+0x0000000800342000'
Event: 166.231 Thread 0x000001d1bd28da10 Unloading class 0x0000000800341c00 'java/lang/invoke/LambdaForm$MH+0x0000000800341c00'
Event: 166.231 Thread 0x000001d1bd28da10 Unloading class 0x0000000800341800 'java/lang/invoke/LambdaForm$MH+0x0000000800341800'
Event: 166.231 Thread 0x000001d1bd28da10 Unloading class 0x0000000800341400 'java/lang/invoke/LambdaForm$MH+0x0000000800341400'
Event: 166.231 Thread 0x000001d1bd28da10 Unloading class 0x0000000800340c00 'java/lang/invoke/LambdaForm$DMH+0x0000000800340c00'
Event: 166.231 Thread 0x000001d1bd28da10 Unloading class 0x0000000800340400 'java/lang/invoke/LambdaForm$DMH+0x0000000800340400'
Event: 166.231 Thread 0x000001d1bd28da10 Unloading class 0x00000008001a6800 'java/lang/invoke/LambdaForm$MH+0x00000008001a6800'
Event: 166.231 Thread 0x000001d1bd28da10 Unloading class 0x00000008001a6400 'java/lang/invoke/LambdaForm$MH+0x00000008001a6400'
Event: 166.231 Thread 0x000001d1bd28da10 Unloading class 0x00000008001a6000 'java/lang/invoke/LambdaForm$MH+0x00000008001a6000'
Event: 166.231 Thread 0x000001d1bd28da10 Unloading class 0x00000008001a5c00 'java/lang/invoke/LambdaForm$MH+0x00000008001a5c00'
Event: 166.231 Thread 0x000001d1bd28da10 Unloading class 0x00000008001a5800 'java/lang/invoke/LambdaForm$MH+0x00000008001a5800'
Event: 166.231 Thread 0x000001d1bd28da10 Unloading class 0x00000008001a5000 'java/lang/invoke/LambdaForm$MH+0x00000008001a5000'
Event: 166.231 Thread 0x000001d1bd28da10 Unloading class 0x00000008000d6800 'java/lang/invoke/LambdaForm$MH+0x00000008000d6800'
Event: 166.231 Thread 0x000001d1bd28da10 Unloading class 0x00000008000d6000 'java/lang/invoke/LambdaForm$MH+0x00000008000d6000'
Event: 166.231 Thread 0x000001d1bd28da10 Unloading class 0x00000008000d5c00 'java/lang/invoke/LambdaForm$MH+0x00000008000d5c00'
Event: 166.231 Thread 0x000001d1bd28da10 Unloading class 0x00000008000d5800 'java/lang/invoke/LambdaForm$MH+0x00000008000d5800'
Event: 166.231 Thread 0x000001d1bd28da10 Unloading class 0x00000008000d5000 'java/lang/invoke/LambdaForm$MH+0x00000008000d5000'
Event: 166.231 Thread 0x000001d1bd28da10 Unloading class 0x00000008000d4c00 'java/lang/invoke/LambdaForm$MH+0x00000008000d4c00'
Event: 166.231 Thread 0x000001d1bd28da10 Unloading class 0x00000008000d4800 'java/lang/invoke/LambdaForm$MH+0x00000008000d4800'
Event: 166.231 Thread 0x000001d1bd28da10 Unloading class 0x00000008000d4000 'java/lang/invoke/LambdaForm$MH+0x00000008000d4000'

Classes redefined (0 events):
No events

Internal exceptions (20 events):
Event: 51.531 Thread 0x000001d1be538c30 Exception <a 'sun/nio/fs/WindowsException'{0x000000071cff53c0}> (0x000000071cff53c0) 
thrown [e:\jenkins\tmp\workspace\build\src\src\hotspot\share\prims\jni.cpp, line 516]
Event: 51.531 Thread 0x000001d1be538c30 Exception <a 'sun/nio/fs/WindowsException'{0x000000071cff57b0}> (0x000000071cff57b0) 
thrown [e:\jenkins\tmp\workspace\build\src\src\hotspot\share\prims\jni.cpp, line 516]
Event: 51.600 Thread 0x000001d1be538c30 Exception <a 'sun/nio/fs/WindowsException'{0x000000071c041ae0}> (0x000000071c041ae0) 
thrown [e:\jenkins\tmp\workspace\build\src\src\hotspot\share\prims\jni.cpp, line 516]
Event: 51.600 Thread 0x000001d1be538c30 Exception <a 'sun/nio/fs/WindowsException'{0x000000071c0421f8}> (0x000000071c0421f8) 
thrown [e:\jenkins\tmp\workspace\build\src\src\hotspot\share\prims\jni.cpp, line 516]
Event: 51.600 Thread 0x000001d1be538c30 Exception <a 'sun/nio/fs/WindowsException'{0x000000071c042588}> (0x000000071c042588) 
thrown [e:\jenkins\tmp\workspace\build\src\src\hotspot\share\prims\jni.cpp, line 516]
Event: 51.600 Thread 0x000001d1be538c30 Exception <a 'sun/nio/fs/WindowsException'{0x000000071c043568}> (0x000000071c043568) 
thrown [e:\jenkins\tmp\workspace\build\src\src\hotspot\share\prims\jni.cpp, line 516]
Event: 51.600 Thread 0x000001d1be538c30 Exception <a 'sun/nio/fs/WindowsException'{0x000000071c043948}> (0x000000071c043948) 
thrown [e:\jenkins\tmp\workspace\build\src\src\hotspot\share\prims\jni.cpp, line 516]
Event: 51.601 Thread 0x000001d1be538c30 Exception <a 'sun/nio/fs/WindowsException'{0x000000071c044698}> (0x000000071c044698) 
thrown [e:\jenkins\tmp\workspace\build\src\src\hotspot\share\prims\jni.cpp, line 516]
Event: 51.601 Thread 0x000001d1be538c30 Exception <a 'sun/nio/fs/WindowsException'{0x000000071c044de8}> (0x000000071c044de8) 
thrown [e:\jenkins\tmp\workspace\build\src\src\hotspot\share\prims\jni.cpp, line 516]
Event: 51.601 Thread 0x000001d1be538c30 Exception <a 'sun/nio/fs/WindowsException'{0x000000071c0451a0}> (0x000000071c0451a0) 
thrown [e:\jenkins\tmp\workspace\build\src\src\hotspot\share\prims\jni.cpp, line 516]
Event: 51.601 Thread 0x000001d1be538c30 Exception <a 'sun/nio/fs/WindowsException'{0x000000071c046100}> (0x000000071c046100) 
thrown [e:\jenkins\tmp\workspace\build\src\src\hotspot\share\prims\jni.cpp, line 516]
Event: 51.601 Thread 0x000001d1be538c30 Exception <a 'sun/nio/fs/WindowsException'{0x000000071c0464f0}> (0x000000071c0464f0) 
thrown [e:\jenkins\tmp\workspace\build\src\src\hotspot\share\prims\jni.cpp, line 516]
Event: 90.659 Thread 0x000001d1be5360e0 Implicit null exception at 0x000001d1af34ab0c to 0x000001d1af34ac1b
Event: 125.689 Thread 0x000001d1bf1fec50 Exception <a 'java/lang/NoSuchMethodError'{0x0000000721d4de60}: 'void java.lang.invoke.DirectMethodHandle$Holder.invokeStatic(java.lang.Object, long)'> (0x0000000721d4de60) 
thrown [e:\jenkins\tmp\workspace\build\src\src\hotspot\share\interpreter\linkResolver.cpp, line 766]
Event: 125.690 Thread 0x000001d1bf1fec50 Exception <a 'java/lang/NoSuchMethodError'{0x0000000721d53208}: 'java.lang.Object java.lang.invoke.DirectMethodHandle$Holder.newInvokeSpecial(java.lang.Object, long)'> (0x0000000721d53208) 
thrown [e:\jenkins\tmp\workspace\build\src\src\hotspot\share\interpreter\linkResolver.cpp, line 766]
Event: 125.693 Thread 0x000001d1bf1fec50 Exception <a 'java/lang/NoSuchMethodError'{0x0000000721d59a98}: 'java.lang.Object java.lang.invoke.DirectMethodHandle$Holder.invokeStatic(java.lang.Object, java.lang.Object, long, java.lang.Object)'> (0x0000000721d59a98) 
thrown [e:\jenkins\tmp\workspace\build\src\src\hotspot\share\interpreter\linkResolver.cpp, line 766]
Event: 125.694 Thread 0x000001d1bf1fec50 Exception <a 'java/lang/NoSuchMethodError'{0x0000000721d5d270}: 'java.lang.Object java.lang.invoke.DirectMethodHandle$Holder.invokeStaticInit(java.lang.Object, java.lang.Object, long, java.lang.Object)'> (0x0000000721d5d270) 
thrown [e:\jenkins\tmp\workspace\build\src\src\hotspot\share\interpreter\linkResolver.cpp, line 766]
Event: 125.695 Thread 0x000001d1bf1fec50 Exception <a 'java/lang/NoSuchMethodError'{0x0000000721d635a0}: 'java.lang.Object java.lang.invoke.DirectMethodHandle$Holder.newInvokeSpecial(java.lang.Object, java.lang.Object, long)'> (0x0000000721d635a0) 
thrown [e:\jenkins\tmp\workspace\build\src\src\hotspot\share\interpreter\linkResolver.cpp, line 766]
Event: 798.700 Thread 0x000001d1be536a80 Exception <a 'java/lang/NoSuchMethodError'{0x000000070acd1318}: 'java.lang.Object java.lang.invoke.DirectMethodHandle$Holder.invokeSpecial(java.lang.Object, java.lang.Object, java.lang.Object, int, java.lang.Object, java.lang.Object, java.lang.Object, java.lang.Object)'> (0x000000070acd1318) 
thrown [e:\jenkins\tmp\workspace\build\src\src\hotspot\share\interpreter\linkResolver.cpp, line 766]
Event: 798.703 Thread 0x000001d1be536a80 Exception <a 'java/lang/NoSuchMethodError'{0x000000070ace5370}: 'java.lang.Object java.lang.invoke.Invokers$Holder.linkToTargetMethod(java.lang.Object, java.lang.Object, int, java.lang.Object, java.lang.Object, java.lang.Object, java.lang.Object)'> (0x000000070ace5370) 
thrown [e:\jenkins\tmp\workspace\build\src\src\hotspot\share\interpreter\linkResolver.cpp, line 766]

VM Operations (20 events):
Event: 2622.399 Executing VM operation: G1CollectFull done
Event: 2632.497 Executing VM operation: Cleanup
Event: 2632.497 Executing VM operation: Cleanup done
Event: 2632.621 Executing VM operation: G1CollectFull
Event: 2632.676 Executing VM operation: G1CollectFull done
Event: 2642.920 Executing VM operation: G1CollectFull
Event: 2642.972 Executing VM operation: G1CollectFull done
Event: 2653.213 Executing VM operation: G1CollectFull
Event: 2653.267 Executing VM operation: G1CollectFull done
Event: 2663.520 Executing VM operation: G1CollectFull
Event: 2663.572 Executing VM operation: G1CollectFull done
Event: 2673.831 Executing VM operation: G1CollectFull
Event: 2673.888 Executing VM operation: G1CollectFull done
Event: 2684.089 Executing VM operation: G1CollectFull
Event: 2684.142 Executing VM operation: G1CollectFull done
Event: 2694.355 Executing VM operation: G1CollectFull
Event: 2694.396 Executing VM operation: G1CollectFull done
Event: 2704.579 Executing VM operation: G1CollectFull
Event: 2704.617 Executing VM operation: G1CollectFull done
Event: 2714.692 Executing VM operation: G1CollectFull

Events (20 events):
Event: 896.795 Thread 0x000001d1be5360e0 Thread added: 0x000001d1be5360e0
Event: 976.076 Thread 0x000001d1be78f250 Thread added: 0x000001d1be78f250
Event: 976.077 Thread 0x000001d1bde232f0 Thread added: 0x000001d1bde232f0
Event: 981.096 Thread 0x000001d1bde232f0 Thread exited: 0x000001d1bde232f0
Event: 981.096 Thread 0x000001d1be78f250 Thread exited: 0x000001d1be78f250
Event: 994.559 Thread 0x000001d1be537dc0 Thread added: 0x000001d1be537dc0
Event: 1054.579 Thread 0x000001d1be537dc0 Thread exited: 0x000001d1be537dc0
Event: 1054.782 Thread 0x000001d1be5360e0 Thread exited: 0x000001d1be5360e0
Event: 1865.206 Thread 0x000001d1be5360e0 Thread added: 0x000001d1be5360e0
Event: 1865.211 Thread 0x000001d1be537dc0 Thread added: 0x000001d1be537dc0
Event: 1925.227 Thread 0x000001d1be5360e0 Thread exited: 0x000001d1be5360e0
Event: 1925.495 Thread 0x000001d1be537dc0 Thread exited: 0x000001d1be537dc0
Event: 2010.414 Thread 0x000001d1be5360e0 Thread added: 0x000001d1be5360e0
Event: 2070.443 Thread 0x000001d1be5360e0 Thread exited: 0x000001d1be5360e0
Event: 2078.088 Thread 0x000001d1be538290 Thread added: 0x000001d1be538290
Event: 2078.108 Thread 0x000001d1bf4e02d0 Thread added: 0x000001d1bf4e02d0
Event: 2078.108 Thread 0x000001d1bf4e07e0 Thread added: 0x000001d1bf4e07e0
Event: 2083.120 Thread 0x000001d1bf4e07e0 Thread exited: 0x000001d1bf4e07e0
Event: 2088.129 Thread 0x000001d1bf4e02d0 Thread exited: 0x000001d1bf4e02d0
Event: 2138.118 Thread 0x000001d1be538290 Thread exited: 0x000001d1be538290


Dynamic libraries:
0x00007ff682f70000 - 0x00007ff682f7e000 	c:\Users\admin\.vscode\extensions\redhat.java-1.9.0-win32-x64\jre\17.0.3-win32-x86_64\bin\java.exe
0x00007ffe74410000 - 0x00007ffe74608000 	C:\WINDOWS\SYSTEM32\ntdll.dll
0x00007ffe726b0000 - 0x00007ffe7276d000 	C:\WINDOWS\System32\KERNEL32.DLL
0x00007ffe721a0000 - 0x00007ffe7246e000 	C:\WINDOWS\System32\KERNELBASE.dll
0x00007ffe72030000 - 0x00007ffe72130000 	C:\WINDOWS\System32\ucrtbase.dll
0x00007ffe48e50000 - 0x00007ffe48e68000 	c:\Users\admin\.vscode\extensions\redhat.java-1.9.0-win32-x64\jre\17.0.3-win32-x86_64\bin\jli.dll
0x00007ffe73080000 - 0x00007ffe73220000 	C:\WINDOWS\System32\USER32.dll
0x00007ffe71d70000 - 0x00007ffe71d92000 	C:\WINDOWS\System32\win32u.dll
0x00007ffe72770000 - 0x00007ffe7279a000 	C:\WINDOWS\System32\GDI32.dll
0x00007ffe71f20000 - 0x00007ffe7202b000 	C:\WINDOWS\System32\gdi32full.dll
0x00007ffe71e80000 - 0x00007ffe71f1d000 	C:\WINDOWS\System32\msvcp_win.dll
0x00007ffe483b0000 - 0x00007ffe483c9000 	c:\Users\admin\.vscode\extensions\redhat.java-1.9.0-win32-x64\jre\17.0.3-win32-x86_64\bin\VCRUNTIME140.dll
0x00007ffe61050000 - 0x00007ffe612ea000 	C:\WINDOWS\WinSxS\amd64_microsoft.windows.common-controls_6595b64144ccf1df_6.0.19041.1110_none_60b5254171f9507e\COMCTL32.dll
0x00007ffe727a0000 - 0x00007ffe7283e000 	C:\WINDOWS\System32\msvcrt.dll
0x00007ffe72550000 - 0x00007ffe72580000 	C:\WINDOWS\System32\IMM32.DLL
0x00007ffe5f9b0000 - 0x00007ffe5f9bc000 	c:\Users\admin\.vscode\extensions\redhat.java-1.9.0-win32-x64\jre\17.0.3-win32-x86_64\bin\vcruntime140_1.dll
0x00007ffe1c4d0000 - 0x00007ffe1c561000 	c:\Users\admin\.vscode\extensions\redhat.java-1.9.0-win32-x64\jre\17.0.3-win32-x86_64\bin\msvcp140.dll
0x00007ffe0cb30000 - 0x00007ffe0d778000 	c:\Users\admin\.vscode\extensions\redhat.java-1.9.0-win32-x64\jre\17.0.3-win32-x86_64\bin\server\jvm.dll
0x00007ffe73220000 - 0x00007ffe732ce000 	C:\WINDOWS\System32\ADVAPI32.dll
0x00007ffe74330000 - 0x00007ffe743cc000 	C:\WINDOWS\System32\sechost.dll
0x00007ffe73d80000 - 0x00007ffe73ea5000 	C:\WINDOWS\System32\RPCRT4.dll
0x00007ffe72e70000 - 0x00007ffe72e78000 	C:\WINDOWS\System32\PSAPI.DLL
0x00007ffe5e400000 - 0x00007ffe5e409000 	C:\WINDOWS\SYSTEM32\WSOCK32.dll
0x00007ffe73010000 - 0x00007ffe7307b000 	C:\WINDOWS\System32\WS2_32.dll
0x00007ffe63020000 - 0x00007ffe63047000 	C:\WINDOWS\SYSTEM32\WINMM.dll
0x00007ffe64500000 - 0x00007ffe6450a000 	C:\WINDOWS\SYSTEM32\VERSION.dll
0x00007ffe6f9f0000 - 0x00007ffe6fa02000 	C:\WINDOWS\SYSTEM32\kernel.appcore.dll
0x00007ffe5a750000 - 0x00007ffe5a75a000 	c:\Users\admin\.vscode\extensions\redhat.java-1.9.0-win32-x64\jre\17.0.3-win32-x86_64\bin\jimage.dll
0x00007ffe699f0000 - 0x00007ffe69bd4000 	C:\WINDOWS\SYSTEM32\DBGHELP.DLL
0x00007ffe5e6f0000 - 0x00007ffe5e71c000 	C:\WINDOWS\SYSTEM32\dbgcore.DLL
0x00007ffe71b30000 - 0x00007ffe71bb2000 	C:\WINDOWS\System32\bcryptPrimitives.dll
0x00007ffe43a30000 - 0x00007ffe43a55000 	c:\Users\admin\.vscode\extensions\redhat.java-1.9.0-win32-x64\jre\17.0.3-win32-x86_64\bin\java.dll
0x00007ffe44400000 - 0x00007ffe44418000 	c:\Users\admin\.vscode\extensions\redhat.java-1.9.0-win32-x64\jre\17.0.3-win32-x86_64\bin\zip.dll
0x00007ffe73480000 - 0x00007ffe73bc4000 	C:\WINDOWS\System32\SHELL32.dll
0x00007ffe6fbf0000 - 0x00007ffe70384000 	C:\WINDOWS\SYSTEM32\windows.storage.dll
0x00007ffe729c0000 - 0x00007ffe72d14000 	C:\WINDOWS\System32\combase.dll
0x00007ffe713e0000 - 0x00007ffe71410000 	C:\WINDOWS\SYSTEM32\Wldp.dll
0x00007ffe72d30000 - 0x00007ffe72ddd000 	C:\WINDOWS\System32\SHCORE.dll
0x00007ffe72ea0000 - 0x00007ffe72ef5000 	C:\WINDOWS\System32\shlwapi.dll
0x00007ffe71a70000 - 0x00007ffe71a8f000 	C:\WINDOWS\SYSTEM32\profapi.dll
0x00007ffe421e0000 - 0x00007ffe421f9000 	C:\Users\admin\.vscode\extensions\redhat.java-1.9.0-win32-x64\jre\17.0.3-win32-x86_64\bin\net.dll
0x00007ffe638c0000 - 0x00007ffe639ca000 	C:\WINDOWS\SYSTEM32\WINHTTP.dll
0x00007ffe711c0000 - 0x00007ffe7122a000 	C:\WINDOWS\system32\mswsock.dll
0x00007ffe3bbe0000 - 0x00007ffe3bbf5000 	C:\Users\admin\.vscode\extensions\redhat.java-1.9.0-win32-x64\jre\17.0.3-win32-x86_64\bin\nio.dll
0x00007ffe59020000 - 0x00007ffe59030000 	c:\Users\admin\.vscode\extensions\redhat.java-1.9.0-win32-x64\jre\17.0.3-win32-x86_64\bin\verify.dll
0x00007ffe60a20000 - 0x00007ffe60a29000 	C:\Users\admin\.vscode\extensions\redhat.java-1.9.0-win32-x64\jre\17.0.3-win32-x86_64\bin\management.dll
0x00007ffe60a10000 - 0x00007ffe60a1b000 	C:\Users\admin\.vscode\extensions\redhat.java-1.9.0-win32-x64\jre\17.0.3-win32-x86_64\bin\management_ext.dll
0x00007ffe54870000 - 0x00007ffe54887000 	C:\WINDOWS\system32\napinsp.dll
0x00007ffe54850000 - 0x00007ffe5486b000 	C:\WINDOWS\system32\pnrpnsp.dll
0x00007ffe647d0000 - 0x00007ffe647e5000 	C:\WINDOWS\system32\wshbth.dll
0x00007ffe6d4f0000 - 0x00007ffe6d50d000 	C:\WINDOWS\system32\NLAapi.dll
0x00007ffe70ed0000 - 0x00007ffe70f0b000 	C:\WINDOWS\SYSTEM32\IPHLPAPI.DLL
0x00007ffe70f10000 - 0x00007ffe70fdb000 	C:\WINDOWS\SYSTEM32\DNSAPI.dll
0x00007ffe73eb0000 - 0x00007ffe73eb8000 	C:\WINDOWS\System32\NSI.dll
0x00007ffe54580000 - 0x00007ffe54592000 	C:\WINDOWS\System32\winrnr.dll
0x00007ffe633e0000 - 0x00007ffe633ea000 	C:\Windows\System32\rasadhlp.dll
0x00007ffe63430000 - 0x00007ffe634b0000 	C:\WINDOWS\System32\fwpuclnt.dll
0x00007ffe71da0000 - 0x00007ffe71dc7000 	C:\WINDOWS\System32\bcrypt.dll
0x00007ffe71720000 - 0x00007ffe71738000 	C:\WINDOWS\SYSTEM32\CRYPTSP.dll
0x00007ffe70b60000 - 0x00007ffe70b94000 	C:\WINDOWS\system32\rsaenh.dll
0x00007ffe71a30000 - 0x00007ffe71a5e000 	C:\WINDOWS\SYSTEM32\USERENV.dll
0x00007ffe71350000 - 0x00007ffe7135c000 	C:\WINDOWS\SYSTEM32\CRYPTBASE.dll
0x00007ffe646d0000 - 0x00007ffe646e7000 	C:\WINDOWS\SYSTEM32\dhcpcsvc6.DLL
0x00007ffe64680000 - 0x00007ffe6469d000 	C:\WINDOWS\SYSTEM32\dhcpcsvc.DLL

dbghelp: loaded successfully - version: 4.0.5 - missing functions: none
symbol engine: initialized successfully - sym options: 0x614 - pdb path: .;c:\Users\admin\.vscode\extensions\redhat.java-1.9.0-win32-x64\jre\17.0.3-win32-x86_64\bin;C:\WINDOWS\SYSTEM32;C:\WINDOWS\WinSxS\amd64_microsoft.windows.common-controls_6595b64144ccf1df_6.0.19041.1110_none_60b5254171f9507e;c:\Users\admin\.vscode\extensions\redhat.java-1.9.0-win32-x64\jre\17.0.3-win32-x86_64\bin\server

VM Arguments:
jvm_args: --add-modules=ALL-SYSTEM --add-exports=jdk.compiler/com.sun.tools.javac.file=ALL-UNNAMED --add-exports=jdk.compiler/com.sun.tools.javac.util=ALL-UNNAMED --add-exports=jdk.compiler/com.sun.tools.javac.comp=ALL-UNNAMED --add-exports=jdk.compiler/com.sun.tools.javac.main=ALL-UNNAMED --add-exports=jdk.compiler/com.sun.tools.javac.tree=ALL-UNNAMED --add-exports=jdk.compiler/com.sun.tools.javac.code=ALL-UNNAMED -Dsts.lsp.client=vscode -Dsts.log.file=/dev/null -XX:TieredStopAtLevel=1 -Dspring.config.location=file:c:\Users\admin\.vscode\extensions\pivotal.vscode-spring-boot-1.36.0\language-server\BOOT-INF\classes\application.properties 
java_command: org.springframework.ide.vscode.boot.app.BootLanguageServerBootApp
java_class_path (initial): c:\Users\admin\.vscode\extensions\pivotal.vscode-spring-boot-1.36.0\language-server\BOOT-INF\classes;c:\Users\admin\.vscode\extensions\pivotal.vscode-spring-boot-1.36.0\language-server\BOOT-INF\lib\annotations-23.0.0.jar;c:\Users\admin\.vscode\extensions\pivotal.vscode-spring-boot-1.36.0\language-server\BOOT-INF\lib\antlr-runtime-3.5.2.jar;c:\Users\admin\.vscode\extensions\pivotal.vscode-spring-boot-1.36.0\language-server\BOOT-INF\lib\antlr4-4.9.3.jar;c:\Users\admin\.vscode\extensions\pivotal.vscode-spring-boot-1.36.0\language-server\BOOT-INF\lib\antlr4-runtime-4.9.3.jar;c:\Users\admin\.vscode\extensions\pivotal.vscode-spring-boot-1.36.0\language-server\BOOT-INF\lib\asm-9.3.jar;c:\Users\admin\.vscode\extensions\pivotal.vscode-spring-boot-1.36.0\language-server\BOOT-INF\lib\asm-analysis-9.3.jar;c:\Users\admin\.vscode\extensions\pivotal.vscode-spring-boot-1.36.0\language-server\BOOT-INF\lib\asm-tree-9.3.jar;c:\Users\admin\.vscode\extensions\pivotal.vscode-spring-boot-1.36.0\language-server\BOOT-INF\lib\asm-util-9.3.jar;c:\Users\admin\.vscode\extensions\pivotal.vscode-spring-boot-1.36.0\language-server\BOOT-INF\lib\byte-buddy-1.10.18.jar;c:\Users\admin\.vscode\extensions\pivotal.vscode-spring-boot-1.36.0\language-server\BOOT-INF\lib\caffeine-2.8.6.jar;c:\Users\admin\.vscode\extensions\pivotal.vscode-spring-boot-1.36.0\language-server\BOOT-INF\lib\checker-qual-3.12.0.jar;c:\Users\admin\.vscode\extensions\pivotal.vscode-spring-boot-1.36.0\language-server\BOOT-INF\lib\classgraph-4.8.146.jar;c:\Users\admin\.vscode\extensions\pivotal.vscode-spring-boot-1.36.0\language-server\BOOT-INF\lib\commons-codec-1.14.jar;c:\Users\admin\.vscode\extensions\pivotal.vscode-spring-boot-1.36.0\language-server\BOOT-INF\lib\commons-compress-1.21.jar;c:\Users\admin\.vscode\extensions\pivotal.vscode-spring-boot-1.36.0\language-server\BOOT-INF\lib\commons-exec-1.3.jar;c:\Users\admin\.vscode\extensions\pivotal.vscode-spring-boot-1.36.0\language-server\BOOT-INF\lib\com
Launcher Type: SUN_STANDARD

[Global flags]
     intx CICompilerCount                          = 3                                         {product} {ergonomic}
     uint ConcGCThreads                            = 1                                         {product} {ergonomic}
     uint G1ConcRefinementThreads                  = 4                                         {product} {ergonomic}
   size_t G1HeapRegionSize                         = 2097152                                   {product} {ergonomic}
    uintx GCDrainStackTargetSize                   = 64                                        {product} {ergonomic}
   size_t InitialHeapSize                          = 264241152                                 {product} {ergonomic}
   size_t MarkStackSize                            = 4194304                                   {product} {ergonomic}
   size_t MaxHeapSize                              = 4208984064                                {product} {ergonomic}
   size_t MaxNewSize                               = 2524971008                                {product} {ergonomic}
   size_t MinHeapDeltaBytes                        = 2097152                                   {product} {ergonomic}
   size_t MinHeapSize                              = 8388608                                   {product} {ergonomic}
    uintx NonProfiledCodeHeapSize                  = 0                                      {pd product} {ergonomic}
     bool ProfileInterpreter                       = false                                  {pd product} {command line}
    uintx ProfiledCodeHeapSize                     = 0                                      {pd product} {ergonomic}
   size_t SoftMaxHeapSize                          = 4208984064                             {manageable} {ergonomic}
     intx TieredStopAtLevel                        = 1                                         {product} {command line}
     bool UseCompressedClassPointers               = true                           {product lp64_product} {ergonomic}
     bool UseCompressedOops                        = true                           {product lp64_product} {ergonomic}
     bool UseG1GC                                  = true                                      {product} {ergonomic}
     bool UseLargePagesIndividualAllocation        = false                                  {pd product} {ergonomic}

Logging:
Log output configuration:
 #0: stdout all=warning uptime,level,tags
 #1: stderr all=off uptime,level,tags

Environment Variables:
PATH=C:\Program Files\Common Files\Oracle\Java\javapath;C:\Python310\Scripts\;C:\Python310\;C:\Program Files (x86)\Common Files\Oracle\Java\javapath;C:\Program Files (x86)\NVIDIA Corporation\PhysX\Common;C:\ProgramData\Oracle\Java\javapath;C:\WINDOWS\system32;C:\WINDOWS;C:\WINDOWS\System32\Wbem;C:\WINDOWS\System32\WindowsPowerShell\v1.0\;C:\Program Files (x86)\Skype\Phone\;C:\Program Files\WIDCOMM\Bluetooth Software\;C:\Program Files\WIDCOMM\Bluetooth Software\syswow64;C:\WINDOWS\System32\OpenSSH\;C:\Program Files (x86)\Intel\Intel(R) Management Engine Components\DAL;C:\Program Files\Intel\Intel(R) Management Engine Components\DAL;C:\Program Files\Git\cmd;C:\Program Files (x86)\nodejs\;C:\ProgramData\chocolatey\bin;C:\Program Files\dotnet\;C:\Program Files\apache-maven-3.8.5\bin;C:\Program Files\MySQL\MySQL Shell 8.0\bin\;C:\Users\admin\AppData\Local\Microsoft\WindowsApps;C:\Program Files\Intel\WiFi\bin\;C:\Program Files\Common Files\Intel\WirelessCommon\;C:\Users\admin\AppData\Local\Programs\Microsoft VS Code\bin;C:\Users\admin\AppData\Local\GitHubDesktop\bin;C:\Users\admin\AppData\Roaming\npm;C:\ProgramData\admin\GitHubDesktop\bin;C:\Program Files\JetBrains\IntelliJ IDEA 2022.1\bin;;C:\Program Files\heroku\bin;C:\Users\admin\.dotnet\tools
USERNAME=admin
OS=Windows_NT
PROCESSOR_IDENTIFIER=Intel64 Family 6 Model 78 Stepping 3, GenuineIntel



---------------  S Y S T E M  ---------------

OS:
 Windows 10 , 64 bit Build 19041 (10.0.19041.1806)
OS uptime: 0 days 23:46 hours
Hyper-V role detected

CPU: total 4 (initial active 4) (2 cores per cpu, 2 threads per core) family 6 model 78 stepping 3 microcode 0xec, cx8, cmov, fxsr, ht, mmx, 3dnowpref, sse, sse2, sse3, ssse3, sse4.1, sse4.2, popcnt, lzcnt, tsc, tscinvbit, avx, avx2, aes, erms, clmul, bmi1, bmi2, rtm, adx, fma, vzeroupper, clflush, clflushopt, hv

Memory: 4k page, system-wide physical 16054M (4938M free)
TotalPageFile size 20054M (AvailPageFile size 3M)
current process WorkingSet (physical memory assigned to process): 190M, peak: 609M
current process commit charge ("private bytes"): 240M, peak: 655M

vm_info: OpenJDK 64-Bit Server VM (17.0.3+7) for windows-amd64 JRE (17.0.3+7), built on Apr 19 2022 16:55:35 by "" with MS VC++ 16.7 (VS2019)

END.
